<?xml version="1.0" encoding="utf-8"?><testsuites name="pytest tests"><testsuite name="pytest" errors="0" failures="0" skipped="0" tests="12" time="0.089" timestamp="2026-04-17T14:45:11.256676-06:00" hostname="Mac.gateway.sasktel.net"><testcase classname="backend.tests.test_memvid_sidecar.TestIngest" name="test_ingest_returns_200_and_memory_id" time="0.007" /><testcase classname="backend.tests.test_memvid_sidecar.TestIngest" name="test_ingest_preference_memory" time="0.001" /><testcase classname="backend.tests.test_memvid_sidecar.TestList" name="test_list_returns_records_and_total" time="0.003" /><testcase classname="backend.tests.test_memvid_sidecar.TestList" name="test_list_count_increases_after_ingest" time="0.003" /><testcase classname="backend.tests.test_memvid_sidecar.TestRetrieve" name="test_retrieve_returns_results_with_score" time="0.005" /><testcase classname="backend.tests.test_memvid_sidecar.TestRetrieve" name="test_retrieve_scores_are_positive" time="0.004" /><testcase classname="backend.tests.test_memvid_sidecar.TestRetrieve" name="test_bm25_relevance_dark_mode_returns_preference" time="0.004" /><testcase classname="backend.tests.test_memvid_sidecar.TestRetrieve" name="test_retrieve_top_k_limits_results" time="0.004" /><testcase classname="backend.tests.test_memvid_sidecar.TestDelete" name="test_delete_removes_memory" time="0.004" /><testcase classname="backend.tests.test_memvid_sidecar.TestDelete" name="test_delete_nonexistent_returns_error" time="0.001" /><testcase classname="backend.tests.test_memvid_sidecar.TestMaintain" name="test_maintain_returns_200" time="0.002" /><testcase classname="backend.tests.test_memvid_sidecar.TestHealth" name="test_health_returns_ok" time="0.002" /></testsuite></testsuites>