<?xml version="1.0" encoding="utf-8"?><testsuites name="pytest tests"><testsuite name="pytest" errors="0" failures="0" skipped="2" tests="15" time="3.262" timestamp="2026-04-20T17:14:37.684172-06:00" hostname="Mac.gateway.sasktel.net"><testcase classname="backend.tests.test_memvid_sidecar.TestIngest" name="test_ingest_returns_200_and_memory_id" time="0.006" /><testcase classname="backend.tests.test_memvid_sidecar.TestIngest" name="test_ingest_preference_memory" time="0.001" /><testcase classname="backend.tests.test_memvid_sidecar.TestList" name="test_list_returns_records_and_total" time="0.003" /><testcase classname="backend.tests.test_memvid_sidecar.TestList" name="test_list_count_increases_after_ingest" time="0.003" /><testcase classname="backend.tests.test_memvid_sidecar.TestRetrieve" name="test_retrieve_returns_results_with_score" time="0.510" /><testcase classname="backend.tests.test_memvid_sidecar.TestRetrieve" name="test_retrieve_scores_are_positive" time="0.510" /><testcase classname="backend.tests.test_memvid_sidecar.TestRetrieve" name="test_bm25_relevance_dark_mode_returns_preference" time="0.506" /><testcase classname="backend.tests.test_memvid_sidecar.TestRetrieve" name="test_retrieve_top_k_limits_results" time="0.514" /><testcase classname="backend.tests.test_memvid_sidecar.TestDelete" name="test_delete_removes_memory" time="0.005" /><testcase classname="backend.tests.test_memvid_sidecar.TestDelete" name="test_delete_nonexistent_returns_error" time="0.001" /><testcase classname="backend.tests.test_memvid_sidecar.TestPersistence" name="test_ingest_survives_restart" time="0.000"><skipped type="pytest.skip" message="requires RUN_MEMVID_TESTS=1, a live memvid sidecar at http://localhost:3032, and supervisorctl in PATH">/Users/dawsonblock/Hysight/backend/tests/test_memvid_sidecar.py:452: requires RUN_MEMVID_TESTS=1, a live memvid sidecar at http://localhost:3032, and supervisorctl in PATH</skipped></testcase><testcase classname="backend.tests.test_memvid_sidecar.TestPersistence" name="test_delete_persists_across_restart" time="0.000"><skipped type="pytest.skip" message="requires RUN_MEMVID_TESTS=1, a live memvid sidecar at http://localhost:3032, and supervisorctl in PATH">/Users/dawsonblock/Hysight/backend/tests/test_memvid_sidecar.py:466: requires RUN_MEMVID_TESTS=1, a live memvid sidecar at http://localhost:3032, and supervisorctl in PATH</skipped></testcase><testcase classname="backend.tests.test_memvid_sidecar.TestMaintain" name="test_maintain_returns_200" time="0.002" /><testcase classname="backend.tests.test_memvid_sidecar.TestHealth" name="test_health_returns_ok" time="0.002" /><testcase classname="backend.tests.test_memvid_sidecar" name="test_live_sidecar_round_trip_contract_proof" time="1.143" /></testsuite></testsuites>