<?xml version="1.0" encoding="utf-8"?><testsuites name="pytest tests"><testsuite name="pytest" errors="0" failures="0" skipped="0" tests="18" time="0.614" timestamp="2026-04-18T20:14:08.891763+00:00" hostname="runnervmeorf1"><testcase classname="backend.tests.test_contract_conformance" name="test_backend_root_contract" time="0.018" /><testcase classname="backend.tests.test_contract_conformance" name="test_status_create_contract" time="0.014" /><testcase classname="backend.tests.test_contract_conformance" name="test_status_list_contract" time="0.015" /><testcase classname="backend.tests.test_contract_conformance" name="test_subsystems_contract" time="0.015" /><testcase classname="backend.tests.test_contract_conformance" name="test_hca_run_create_contract" time="0.062" /><testcase classname="backend.tests.test_contract_conformance" name="test_hca_run_detail_contract" time="0.064" /><testcase classname="backend.tests.test_contract_conformance" name="test_hca_run_detail_contract_with_pending_approval" time="0.058" /><testcase classname="backend.tests.test_contract_conformance" name="test_hca_approve_contract" time="0.097" /><testcase classname="backend.tests.test_contract_conformance" name="test_hca_deny_contract" time="0.068" /><testcase classname="backend.tests.test_contract_conformance" name="test_hca_runs_list_contract" time="0.025" /><testcase classname="backend.tests.test_contract_conformance" name="test_hca_run_events_contract" time="0.018" /><testcase classname="backend.tests.test_contract_conformance" name="test_hca_run_artifacts_contract" time="0.022" /><testcase classname="backend.tests.test_contract_conformance" name="test_backend_memory_retrieve_contract" time="0.016" /><testcase classname="backend.tests.test_contract_conformance" name="test_backend_memory_list_contract" time="0.016" /><testcase classname="backend.tests.test_contract_conformance" name="test_backend_memory_delete_contract" time="0.018" /><testcase classname="backend.tests.test_contract_conformance" name="test_backend_memory_maintain_contract" time="0.015" /><testcase classname="backend.tests.test_contract_conformance" name="test_sidecar_memory_ingest_contract" time="0.003" /><testcase classname="backend.tests.test_contract_conformance" name="test_sidecar_health_contract" time="0.002" /></testsuite></testsuites>