<?xml version="1.0" encoding="utf-8"?><testsuites name="pytest tests"><testsuite name="pytest" errors="0" failures="0" skipped="0" tests="18" time="0.542" timestamp="2026-04-16T18:05:55.192882-06:00" hostname="Mac.gateway.sasktel.net"><testcase classname="backend.tests.test_contract_conformance" name="test_backend_root_contract" time="0.020" /><testcase classname="backend.tests.test_contract_conformance" name="test_status_create_contract" time="0.018" /><testcase classname="backend.tests.test_contract_conformance" name="test_status_list_contract" time="0.018" /><testcase classname="backend.tests.test_contract_conformance" name="test_subsystems_contract" time="0.029" /><testcase classname="backend.tests.test_contract_conformance" name="test_hca_run_create_contract" time="0.047" /><testcase classname="backend.tests.test_contract_conformance" name="test_hca_run_detail_contract" time="0.052" /><testcase classname="backend.tests.test_contract_conformance" name="test_hca_run_detail_contract_with_pending_approval" time="0.043" /><testcase classname="backend.tests.test_contract_conformance" name="test_hca_approve_contract" time="0.068" /><testcase classname="backend.tests.test_contract_conformance" name="test_hca_deny_contract" time="0.065" /><testcase classname="backend.tests.test_contract_conformance" name="test_hca_runs_list_contract" time="0.019" /><testcase classname="backend.tests.test_contract_conformance" name="test_hca_run_events_contract" time="0.013" /><testcase classname="backend.tests.test_contract_conformance" name="test_hca_run_artifacts_contract" time="0.020" /><testcase classname="backend.tests.test_contract_conformance" name="test_backend_memory_retrieve_contract" time="0.015" /><testcase classname="backend.tests.test_contract_conformance" name="test_backend_memory_list_contract" time="0.014" /><testcase classname="backend.tests.test_contract_conformance" name="test_backend_memory_delete_contract" time="0.013" /><testcase classname="backend.tests.test_contract_conformance" name="test_backend_memory_maintain_contract" time="0.014" /><testcase classname="backend.tests.test_contract_conformance" name="test_sidecar_memory_ingest_contract" time="0.011" /><testcase classname="backend.tests.test_contract_conformance" name="test_sidecar_health_contract" time="0.003" /></testsuite></testsuites>