<?xml version="1.0" encoding="utf-8"?><testsuites name="pytest tests"><testsuite name="pytest" errors="0" failures="0" skipped="0" tests="7" time="0.289" timestamp="2026-04-20T23:28:47.852061-06:00" hostname="Mac.gateway.sasktel.net"><testcase classname="tests.test_hca_pipeline.TestMemoryController" name="test_ingest_returns_id" time="0.003" /><testcase classname="tests.test_hca_pipeline.TestMemoryController" name="test_retrieve_bm25" time="0.001" /><testcase classname="tests.test_hca_pipeline.TestMemoryController" name="test_retrieve_empty" time="0.001" /><testcase classname="tests.test_hca_pipeline.TestMemoryController" name="test_maintain_no_expiry" time="0.001" /><testcase classname="tests.test_hca_pipeline.TestHCARuntimeSmoke" name="test_echo_run_completes" time="0.087" /><testcase classname="tests.test_hca_pipeline.TestHCARuntimeSmoke" name="test_run_creates_events" time="0.019" /><testcase classname="tests.test_hca_pipeline.TestHCARuntimeSmoke" name="test_store_goal_produces_approval" time="0.016" /></testsuite></testsuites>