<?xml version="1.0" encoding="utf-8"?><testsuites name="pytest tests"><testsuite name="pytest" errors="0" failures="0" skipped="0" tests="7" time="10.518" timestamp="2026-04-09T22:15:33.314269+00:00" hostname="agent-env-c801f217-c72e-4249-94c6-8a212c0a6595"><testcase classname="backend.tests.test_hca.TestRootAndStatus" name="test_root_message" time="0.146" /><testcase classname="backend.tests.test_hca.TestHCARun" name="test_basic_run_completed" time="7.173" /><testcase classname="backend.tests.test_hca.TestHCARun" name="test_get_run_by_id" time="0.178" /><testcase classname="backend.tests.test_hca.TestHCARun" name="test_get_run_not_found" time="0.106" /><testcase classname="backend.tests.test_hca.TestHCAApprovalFlow" name="test_remember_goal_awaiting_approval" time="2.503" /><testcase classname="backend.tests.test_hca.TestHCAApprovalFlow" name="test_approve_action_completes" time="0.187" /><testcase classname="backend.tests.test_hca.TestMemoryRetrieve" name="test_memory_retrieve_returns_hits_array" time="0.116" /></testsuite></testsuites>