<?xml version="1.0" encoding="utf-8"?><testsuites name="pytest tests"><testsuite name="pytest" errors="0" failures="0" skipped="0" tests="6" time="9.030" timestamp="2026-04-09T23:14:49.121676+00:00" hostname="agent-env-c801f217-c72e-4249-94c6-8a212c0a6595"><testcase classname="backend.tests.test_memory.TestMemoryList" name="test_list_returns_records" time="0.343" /><testcase classname="backend.tests.test_memory.TestMemoryList" name="test_list_filter_by_type_episode" time="0.173" /><testcase classname="backend.tests.test_memory.TestMemoryList" name="test_list_pagination" time="0.175" /><testcase classname="backend.tests.test_memory.TestMemoryList" name="test_record_fields" time="0.141" /><testcase classname="backend.tests.test_memory.TestMemoryDelete" name="test_delete_nonexistent_returns_404" time="0.183" /><testcase classname="backend.tests.test_memory.TestMemoryDelete" name="test_create_via_run_then_delete" time="7.912" /></testsuite></testsuites>