<?xml version="1.0" encoding="utf-8"?><testsuites name="pytest tests"><testsuite name="pytest" errors="0" failures="1" skipped="0" tests="15" time="19.321" timestamp="2026-04-10T00:11:22.477582+00:00" hostname="agent-env-c801f217-c72e-4249-94c6-8a212c0a6595"><testcase classname="backend.tests.test_memvid_sidecar.TestIngest" name="test_ingest_returns_200_and_memory_id" time="0.368" /><testcase classname="backend.tests.test_memvid_sidecar.TestIngest" name="test_ingest_preference_memory" time="0.162" /><testcase classname="backend.tests.test_memvid_sidecar.TestList" name="test_list_returns_records_and_total" time="0.001" /><testcase classname="backend.tests.test_memvid_sidecar.TestList" name="test_list_count_increases_after_ingest" time="0.153" /><testcase classname="backend.tests.test_memvid_sidecar.TestRetrieve" name="test_retrieve_returns_results_with_score" time="0.984" /><testcase classname="backend.tests.test_memvid_sidecar.TestRetrieve" name="test_retrieve_scores_are_positive" time="0.001" /><testcase classname="backend.tests.test_memvid_sidecar.TestRetrieve" name="test_bm25_relevance_dark_mode_returns_preference" time="0.002" /><testcase classname="backend.tests.test_memvid_sidecar.TestRetrieve" name="test_retrieve_top_k_limits_results" time="0.001" /><testcase classname="backend.tests.test_memvid_sidecar.TestDelete" name="test_delete_removes_memory" time="0.296" /><testcase classname="backend.tests.test_memvid_sidecar.TestDelete" name="test_delete_nonexistent_returns_error" time="0.001"><failure message="AssertionError: Expected 404/400, got 200&#10;assert 200 in (404, 400)&#10; +  where 200 = &lt;Response [200]&gt;.status_code">backend/tests/test_memvid_sidecar.py:177: in test_delete_nonexistent_returns_error
    assert r.status_code in (404, 400), f"Expected 404/400, got {r.status_code}"
E   AssertionError: Expected 404/400, got 200
E   assert 200 in (404, 400)
E    +  where 200 = &lt;Response [200]&gt;.status_code</failure></testcase><testcase classname="backend.tests.test_memvid_sidecar.TestPersistence" name="test_ingest_survives_restart" time="4.376" /><testcase classname="backend.tests.test_memvid_sidecar.TestPersistence" name="test_delete_persists_across_restart" time="4.500" /><testcase classname="backend.tests.test_memvid_sidecar.TestMaintain" name="test_maintain_returns_200" time="0.001" /><testcase classname="backend.tests.test_memvid_sidecar.TestPythonBackendIntegration" name="test_hca_run_returns_200" time="4.623" /><testcase classname="backend.tests.test_memvid_sidecar.TestPythonBackendIntegration" name="test_hca_run_response_has_output" time="3.750" /></testsuite></testsuites>