{"numFailedTestSuites":0,"numFailedTests":0,"numPassedTestSuites":5,"numPassedTests":19,"numPendingTestSuites":0,"numPendingTests":0,"numRuntimeErrorTestSuites":0,"numTodoTests":0,"numTotalTestSuites":5,"numTotalTests":19,"openHandles":[],"snapshot":{"added":0,"didUpdate":false,"failure":false,"filesAdded":0,"filesRemoved":0,"filesRemovedList":[],"filesUnmatched":0,"filesUpdated":0,"matched":0,"total":0,"unchecked":0,"uncheckedKeysByFile":[],"unmatched":0,"updated":0},"startTime":1776749017567,"success":true,"testResults":[{"assertionResults":[{"ancestorTitles":[],"failureMessages":[],"fullName":"renders replay-backed overview fields and filters the run list","location":null,"status":"passed","title":"renders replay-backed overview fields and filters the run list"},{"ancestorTitles":[],"failureMessages":[],"fullName":"renders subsystem health and approval context for pending runs","location":null,"status":"passed","title":"renders subsystem health and approval context for pending runs"},{"ancestorTitles":[],"failureMessages":[],"fullName":"restores the events tab and filters event inspection results","location":null,"status":"passed","title":"restores the events tab and filters event inspection results"},{"ancestorTitles":[],"failureMessages":[],"fullName":"filters artifacts and loads the selected artifact detail","location":null,"status":"passed","title":"filters artifacts and loads the selected artifact detail"},{"ancestorTitles":[],"failureMessages":[],"fullName":"allows approving a pending run directly from the replay console","location":null,"status":"passed","title":"allows approving a pending run directly from the replay console"},{"ancestorTitles":[],"failureMessages":[],"fullName":"allows denying a pending run directly from the replay console","location":null,"status":"passed","title":"allows denying a pending run directly from the replay console"}],"endTime":1776749018932,"message":"","name":"/Users/dawsonblock/Hysight/frontend/src/components/OperatorConsole.test.js","startTime":1776749017869,"status":"passed","summary":""},{"assertionResults":[{"ancestorTitles":[],"failureMessages":[],"fullName":"renders the rich operator summary after a streamed run completes","location":null,"status":"passed","title":"renders the rich operator summary after a streamed run completes"}],"endTime":1776749019219,"message":"","name":"/Users/dawsonblock/Hysight/frontend/src/components/HCAChat.test.js","startTime":1776749018941,"status":"passed","summary":""},{"assertionResults":[{"ancestorTitles":[],"failureMessages":[],"fullName":"keeps run selection synced while switching between the new workspaces","location":null,"status":"passed","title":"keeps run selection synced while switching between the new workspaces"}],"endTime":1776749019421,"message":"","name":"/Users/dawsonblock/Hysight/frontend/src/App.test.js","startTime":1776749019224,"status":"passed","summary":""},{"assertionResults":[{"ancestorTitles":[],"failureMessages":[],"fullName":"shows a selected memory inspector and closes on Escape","location":null,"status":"passed","title":"shows a selected memory inspector and closes on Escape"},{"ancestorTitles":[],"failureMessages":[],"fullName":"supports an embedded workspace mode without modal dismissal","location":null,"status":"passed","title":"supports an embedded workspace mode without modal dismissal"}],"endTime":1776749019514,"message":"","name":"/Users/dawsonblock/Hysight/frontend/src/components/MemoryBrowser.test.js","startTime":1776749019426,"status":"passed","summary":""},{"assertionResults":[{"ancestorTitles":["frontend API client boundary"],"failureMessages":[],"fullName":"frontend API client boundary normalizes the configured backend URL into the shared API base","location":null,"status":"passed","title":"normalizes the configured backend URL into the shared API base"},{"ancestorTitles":["frontend API client boundary"],"failureMessages":[],"fullName":"frontend API client boundary listRuns sends the canonical query parameters and validates the response","location":null,"status":"passed","title":"listRuns sends the canonical query parameters and validates the response"},{"ancestorTitles":["frontend API client boundary"],"failureMessages":[],"fullName":"frontend API client boundary getRunSummary validates a realistic replay-backed run payload","location":null,"status":"passed","title":"getRunSummary validates a realistic replay-backed run payload"},{"ancestorTitles":["frontend API client boundary"],"failureMessages":[],"fullName":"frontend API client boundary decideRunApproval posts to the canonical approval route and validates the summary","location":null,"status":"passed","title":"decideRunApproval posts to the canonical approval route and validates the summary"},{"ancestorTitles":["frontend API client boundary"],"failureMessages":[],"fullName":"frontend API client boundary listRunEvents validates the event boundary","location":null,"status":"passed","title":"listRunEvents validates the event boundary"},{"ancestorTitles":["frontend API client boundary"],"failureMessages":[],"fullName":"frontend API client boundary artifact list and detail helpers validate realistic payloads","location":null,"status":"passed","title":"artifact list and detail helpers validate realistic payloads"},{"ancestorTitles":["frontend API client boundary"],"failureMessages":[],"fullName":"frontend API client boundary getSubsystems reads the canonical subsystem endpoint and validates the response","location":null,"status":"passed","title":"getSubsystems reads the canonical subsystem endpoint and validates the response"},{"ancestorTitles":["frontend API client boundary"],"failureMessages":[],"fullName":"frontend API client boundary memory list and delete helpers validate realistic payloads","location":null,"status":"passed","title":"memory list and delete helpers validate realistic payloads"},{"ancestorTitles":["frontend API client boundary"],"failureMessages":[],"fullName":"frontend API client boundary fetchJson rejects an unexpected response shape from the backend boundary","location":null,"status":"passed","title":"fetchJson rejects an unexpected response shape from the backend boundary"}],"endTime":1776749019585,"message":"","name":"/Users/dawsonblock/Hysight/frontend/src/lib/api.test.js","startTime":1776749019520,"status":"passed","summary":""}],"wasInterrupted":false}