{"numFailedTestSuites":0,"numFailedTests":0,"numPassedTestSuites":19,"numPassedTests":66,"numPendingTestSuites":0,"numPendingTests":0,"numRuntimeErrorTestSuites":0,"numTodoTests":0,"numTotalTestSuites":19,"numTotalTests":66,"openHandles":[],"snapshot":{"added":0,"didUpdate":false,"failure":false,"filesAdded":0,"filesRemoved":0,"filesRemovedList":[],"filesUnmatched":0,"filesUpdated":0,"matched":0,"total":0,"unchecked":0,"uncheckedKeysByFile":[],"unmatched":0,"updated":0},"startTime":1776812536312,"success":true,"testResults":[{"assertionResults":[{"ancestorTitles":[],"failureMessages":[],"fullName":"renders backend autonomy status, style state, and replay links","location":null,"status":"passed","title":"renders backend autonomy status, style state, and replay links"},{"ancestorTitles":[],"failureMessages":[],"fullName":"shows confirmation for kill switch changes and calls the backend","location":null,"status":"passed","title":"shows confirmation for kill switch changes and calls the backend"},{"ancestorTitles":[],"failureMessages":[],"fullName":"calls agent control endpoints and degrades missing optional fields gracefully","location":null,"status":"passed","title":"calls agent control endpoints and degrades missing optional fields gracefully"}],"endTime":1776812537481,"message":"","name":"/Users/dawsonblock/Hysight/frontend/src/features/autonomy/AutonomyWorkspace.test.js","startTime":1776812536629,"status":"passed","summary":""},{"assertionResults":[{"ancestorTitles":[],"failureMessages":[],"fullName":"renders replay-backed overview fields and filters the run list","location":null,"status":"passed","title":"renders replay-backed overview fields and filters the run list"},{"ancestorTitles":[],"failureMessages":[],"fullName":"renders subsystem health and approval context for pending runs","location":null,"status":"passed","title":"renders subsystem health and approval context for pending runs"},{"ancestorTitles":[],"failureMessages":[],"fullName":"restores the events tab and filters event inspection results","location":null,"status":"passed","title":"restores the events tab and filters event inspection results"},{"ancestorTitles":[],"failureMessages":[],"fullName":"filters artifacts and loads the selected artifact detail","location":null,"status":"passed","title":"filters artifacts and loads the selected artifact detail"},{"ancestorTitles":[],"failureMessages":[],"fullName":"allows approving a pending run directly from the replay console","location":null,"status":"passed","title":"allows approving a pending run directly from the replay console"},{"ancestorTitles":[],"failureMessages":[],"fullName":"allows denying a pending run directly from the replay console","location":null,"status":"passed","title":"allows denying a pending run directly from the replay console"}],"endTime":1776812538183,"message":"","name":"/Users/dawsonblock/Hysight/frontend/src/components/OperatorConsole.test.js","startTime":1776812537491,"status":"passed","summary":""},{"assertionResults":[{"ancestorTitles":[],"failureMessages":[],"fullName":"opens dialog on Kill autonomy and calls onSetKillSwitch with reason","location":null,"status":"passed","title":"opens dialog on Kill autonomy and calls onSetKillSwitch with reason"},{"ancestorTitles":[],"failureMessages":[],"fullName":"opens dialog on Clear kill switch and calls onSetKillSwitch with null reason","location":null,"status":"passed","title":"opens dialog on Clear kill switch and calls onSetKillSwitch with null reason"},{"ancestorTitles":[],"failureMessages":[],"fullName":"cancel closes the dialog without calling onSetKillSwitch","location":null,"status":"passed","title":"cancel closes the dialog without calling onSetKillSwitch"}],"endTime":1776812538453,"message":"","name":"/Users/dawsonblock/Hysight/frontend/src/features/autonomy/components/KillSwitchBar.test.js","startTime":1776812538190,"status":"passed","summary":""},{"assertionResults":[{"ancestorTitles":[],"failureMessages":[],"fullName":"shows a degraded backend banner when the controller reports panel failures","location":null,"status":"passed","title":"shows a degraded backend banner when the controller reports panel failures"},{"ancestorTitles":[],"failureMessages":[],"fullName":"shows a stale-data banner when the controller reports stale autonomy state","location":null,"status":"passed","title":"shows a stale-data banner when the controller reports stale autonomy state"}],"endTime":1776812538559,"message":"","name":"/Users/dawsonblock/Hysight/frontend/src/features/autonomy/AutonomyWorkspaceBanner.test.js","startTime":1776812538458,"status":"passed","summary":""},{"assertionResults":[{"ancestorTitles":[],"failureMessages":[],"fullName":"renders agent controls and routes pause and stop actions","location":null,"status":"passed","title":"renders agent controls and routes pause and stop actions"},{"ancestorTitles":[],"failureMessages":[],"fullName":"submits the create-agent form through the parent handler","location":null,"status":"passed","title":"submits the create-agent form through the parent handler"}],"endTime":1776812538677,"message":"","name":"/Users/dawsonblock/Hysight/frontend/src/features/autonomy/components/AgentsPanel.test.js","startTime":1776812538564,"status":"passed","summary":""},{"assertionResults":[{"ancestorTitles":[],"failureMessages":[],"fullName":"shows empty state when no inbox items returned","location":null,"status":"passed","title":"shows empty state when no inbox items returned"},{"ancestorTitles":[],"failureMessages":[],"fullName":"shows resource error when provided","location":null,"status":"passed","title":"shows resource error when provided"},{"ancestorTitles":[],"failureMessages":[],"fullName":"Cancel button calls onCancel for an active item","location":null,"status":"passed","title":"Cancel button calls onCancel for an active item"},{"ancestorTitles":[],"failureMessages":[],"fullName":"Cancel button is disabled when item is already cancelled","location":null,"status":"passed","title":"Cancel button is disabled when item is already cancelled"}],"endTime":1776812538766,"message":"","name":"/Users/dawsonblock/Hysight/frontend/src/features/autonomy/components/InboxPanel.test.js","startTime":1776812538682,"status":"passed","summary":""},{"assertionResults":[{"ancestorTitles":[],"failureMessages":[],"fullName":"shows empty state when no schedules returned","location":null,"status":"passed","title":"shows empty state when no schedules returned"},{"ancestorTitles":[],"failureMessages":[],"fullName":"shows resource error when provided","location":null,"status":"passed","title":"shows resource error when provided"},{"ancestorTitles":[],"failureMessages":[],"fullName":"renders schedule row with Enable and Disable buttons","location":null,"status":"passed","title":"renders schedule row with Enable and Disable buttons"},{"ancestorTitles":[],"failureMessages":[],"fullName":"Enable button calls onEnable for a disabled schedule","location":null,"status":"passed","title":"Enable button calls onEnable for a disabled schedule"}],"endTime":1776812538866,"message":"","name":"/Users/dawsonblock/Hysight/frontend/src/features/autonomy/components/SchedulesPanel.test.js","startTime":1776812538771,"status":"passed","summary":""},{"assertionResults":[{"ancestorTitles":[],"failureMessages":[],"fullName":"shows empty state when no escalations returned","location":null,"status":"passed","title":"shows empty state when no escalations returned"},{"ancestorTitles":[],"failureMessages":[],"fullName":"shows resource error when provided","location":null,"status":"passed","title":"shows resource error when provided"},{"ancestorTitles":[],"failureMessages":[],"fullName":"Open replay button calls onOpenRun with run_id","location":null,"status":"passed","title":"Open replay button calls onOpenRun with run_id"},{"ancestorTitles":[],"failureMessages":[],"fullName":"shows No run link when escalation has no run_id","location":null,"status":"passed","title":"shows No run link when escalation has no run_id"}],"endTime":1776812538939,"message":"","name":"/Users/dawsonblock/Hysight/frontend/src/features/autonomy/components/EscalationsPanel.test.js","startTime":1776812538871,"status":"passed","summary":""},{"assertionResults":[{"ancestorTitles":[],"failureMessages":[],"fullName":"shows empty state when no checkpoints returned","location":null,"status":"passed","title":"shows empty state when no checkpoints returned"},{"ancestorTitles":[],"failureMessages":[],"fullName":"shows resource error when provided","location":null,"status":"passed","title":"shows resource error when provided"},{"ancestorTitles":[],"failureMessages":[],"fullName":"Replay button calls onOpenRun with run_id","location":null,"status":"passed","title":"Replay button calls onOpenRun with run_id"},{"ancestorTitles":[],"failureMessages":[],"fullName":"shows No run linked when checkpoint has no run_id","location":null,"status":"passed","title":"shows No run linked when checkpoint has no run_id"}],"endTime":1776812539021,"message":"","name":"/Users/dawsonblock/Hysight/frontend/src/features/autonomy/components/CheckpointsPanel.test.js","startTime":1776812538944,"status":"passed","summary":""},{"assertionResults":[{"ancestorTitles":[],"failureMessages":[],"fullName":"shows degraded run-state messages and routes replay through the existing run surface","location":null,"status":"passed","title":"shows degraded run-state messages and routes replay through the existing run surface"}],"endTime":1776812539087,"message":"","name":"/Users/dawsonblock/Hysight/frontend/src/features/autonomy/components/AutonomyRunsPanel.test.js","startTime":1776812539026,"status":"passed","summary":""},{"assertionResults":[{"ancestorTitles":[],"failureMessages":[],"fullName":"renders the supervisor status section title","location":null,"status":"passed","title":"renders the supervisor status section title"},{"ancestorTitles":[],"failureMessages":[],"fullName":"shows loading message when loading and no status available","location":null,"status":"passed","title":"shows loading message when loading and no status available"},{"ancestorTitles":[],"failureMessages":[],"fullName":"shows error message when provided","location":null,"status":"passed","title":"shows error message when provided"},{"ancestorTitles":[],"failureMessages":[],"fullName":"shows fallback when status is null and not loading","location":null,"status":"passed","title":"shows fallback when status is null and not loading"},{"ancestorTitles":[],"failureMessages":[],"fullName":"renders metric cards from backend status","location":null,"status":"passed","title":"renders metric cards from backend status"}],"endTime":1776812539150,"message":"","name":"/Users/dawsonblock/Hysight/frontend/src/features/autonomy/components/AutonomyStatusHeader.test.js","startTime":1776812539093,"status":"passed","summary":""},{"assertionResults":[{"ancestorTitles":[],"failureMessages":[],"fullName":"renders the rich operator summary after a streamed run completes","location":null,"status":"passed","title":"renders the rich operator summary after a streamed run completes"}],"endTime":1776812539407,"message":"","name":"/Users/dawsonblock/Hysight/frontend/src/components/HCAChat.test.js","startTime":1776812539154,"status":"passed","summary":""},{"assertionResults":[{"ancestorTitles":[],"failureMessages":[],"fullName":"keeps run selection synced while switching between all operator workspaces","location":null,"status":"passed","title":"keeps run selection synced while switching between all operator workspaces"}],"endTime":1776812539665,"message":"","name":"/Users/dawsonblock/Hysight/frontend/src/App.test.js","startTime":1776812539412,"status":"passed","summary":""},{"assertionResults":[{"ancestorTitles":[],"failureMessages":[],"fullName":"shows a selected memory inspector and closes on Escape","location":null,"status":"passed","title":"shows a selected memory inspector and closes on Escape"},{"ancestorTitles":[],"failureMessages":[],"fullName":"supports an embedded workspace mode without modal dismissal","location":null,"status":"passed","title":"supports an embedded workspace mode without modal dismissal"}],"endTime":1776812539796,"message":"","name":"/Users/dawsonblock/Hysight/frontend/src/components/MemoryBrowser.test.js","startTime":1776812539670,"status":"passed","summary":""},{"assertionResults":[{"ancestorTitles":["frontend API client boundary"],"failureMessages":[],"fullName":"frontend API client boundary normalizes the configured backend URL into the shared API base","location":null,"status":"passed","title":"normalizes the configured backend URL into the shared API base"},{"ancestorTitles":["frontend API client boundary"],"failureMessages":[],"fullName":"frontend API client boundary listRuns sends the canonical query parameters and validates the response","location":null,"status":"passed","title":"listRuns sends the canonical query parameters and validates the response"},{"ancestorTitles":["frontend API client boundary"],"failureMessages":[],"fullName":"frontend API client boundary getRunSummary validates a realistic replay-backed run payload","location":null,"status":"passed","title":"getRunSummary validates a realistic replay-backed run payload"},{"ancestorTitles":["frontend API client boundary"],"failureMessages":[],"fullName":"frontend API client boundary decideRunApproval posts to the canonical approval route and validates the summary","location":null,"status":"passed","title":"decideRunApproval posts to the canonical approval route and validates the summary"},{"ancestorTitles":["frontend API client boundary"],"failureMessages":[],"fullName":"frontend API client boundary listRunEvents validates the event boundary","location":null,"status":"passed","title":"listRunEvents validates the event boundary"},{"ancestorTitles":["frontend API client boundary"],"failureMessages":[],"fullName":"frontend API client boundary artifact list and detail helpers validate realistic payloads","location":null,"status":"passed","title":"artifact list and detail helpers validate realistic payloads"},{"ancestorTitles":["frontend API client boundary"],"failureMessages":[],"fullName":"frontend API client boundary getSubsystems reads the canonical subsystem endpoint and validates the response","location":null,"status":"passed","title":"getSubsystems reads the canonical subsystem endpoint and validates the response"},{"ancestorTitles":["frontend API client boundary"],"failureMessages":[],"fullName":"frontend API client boundary memory list and delete helpers validate realistic payloads","location":null,"status":"passed","title":"memory list and delete helpers validate realistic payloads"},{"ancestorTitles":["frontend API client boundary"],"failureMessages":[],"fullName":"frontend API client boundary fetchJson rejects an unexpected response shape from the backend boundary","location":null,"status":"passed","title":"fetchJson rejects an unexpected response shape from the backend boundary"}],"endTime":1776812539860,"message":"","name":"/Users/dawsonblock/Hysight/frontend/src/lib/api.test.js","startTime":1776812539801,"status":"passed","summary":""},{"assertionResults":[{"ancestorTitles":[],"failureMessages":[],"fullName":"renders nothing when selectedRunSummary is null","location":null,"status":"passed","title":"renders nothing when selectedRunSummary is null"},{"ancestorTitles":[],"failureMessages":[],"fullName":"renders run_id when summary is provided","location":null,"status":"passed","title":"renders run_id when summary is provided"},{"ancestorTitles":[],"failureMessages":[],"fullName":"renders formatted state label","location":null,"status":"passed","title":"renders formatted state label"},{"ancestorTitles":[],"failureMessages":[],"fullName":"renders goal text","location":null,"status":"passed","title":"renders goal text"}],"endTime":1776812539911,"message":"","name":"/Users/dawsonblock/Hysight/frontend/src/features/autonomy/components/SelectedRunPanel.test.js","startTime":1776812539865,"status":"passed","summary":""},{"assertionResults":[{"ancestorTitles":[],"failureMessages":[],"fullName":"shows empty state when no agents available","location":null,"status":"passed","title":"shows empty state when no agents available"},{"ancestorTitles":[],"failureMessages":[],"fullName":"renders Current attention mode label from autonomyStatus","location":null,"status":"passed","title":"renders Current attention mode label from autonomyStatus"},{"ancestorTitles":[],"failureMessages":[],"fullName":"renders agent row with style_profile_id from latest checkpoint","location":null,"status":"passed","title":"renders agent row with style_profile_id from latest checkpoint"},{"ancestorTitles":[],"failureMessages":[],"fullName":"renders agent row with fallback style_profile_id from agent when no checkpoint","location":null,"status":"passed","title":"renders agent row with fallback style_profile_id from agent when no checkpoint"}],"endTime":1776812539971,"message":"","name":"/Users/dawsonblock/Hysight/frontend/src/features/autonomy/components/StyleStatePanel.test.js","startTime":1776812539916,"status":"passed","summary":""},{"assertionResults":[{"ancestorTitles":[],"failureMessages":[],"fullName":"shows empty state when no budgets returned","location":null,"status":"passed","title":"shows empty state when no budgets returned"},{"ancestorTitles":[],"failureMessages":[],"fullName":"shows resource error when provided","location":null,"status":"passed","title":"shows resource error when provided"},{"ancestorTitles":[],"failureMessages":[],"fullName":"renders budget ledger row with agent id","location":null,"status":"passed","title":"renders budget ledger row with agent id"},{"ancestorTitles":[],"failureMessages":[],"fullName":"shows Kill switch active in Deadman column when kill switch is active","location":null,"status":"passed","title":"shows Kill switch active in Deadman column when kill switch is active"}],"endTime":1776812540022,"message":"","name":"/Users/dawsonblock/Hysight/frontend/src/features/autonomy/components/BudgetPanel.test.js","startTime":1776812539975,"status":"passed","summary":""},{"assertionResults":[{"ancestorTitles":["autonomy API client boundary"],"failureMessages":[],"fullName":"autonomy API client boundary autonomy status and agent list helpers validate dedicated backend routes","location":null,"status":"passed","title":"autonomy status and agent list helpers validate dedicated backend routes"},{"ancestorTitles":["autonomy API client boundary"],"failureMessages":[],"fullName":"autonomy API client boundary autonomy kill switch and agent action helpers post to canonical control routes","location":null,"status":"passed","title":"autonomy kill switch and agent action helpers post to canonical control routes"},{"ancestorTitles":["autonomy API client boundary"],"failureMessages":[],"fullName":"autonomy API client boundary getAutonomyWorkspace fetches the aggregate snapshot endpoint","location":null,"status":"passed","title":"getAutonomyWorkspace fetches the aggregate snapshot endpoint"}],"endTime":1776812540070,"message":"","name":"/Users/dawsonblock/Hysight/frontend/src/lib/autonomy-api.test.js","startTime":1776812540026,"status":"passed","summary":""}],"wasInterrupted":false}